# JRE version: OpenJDK Runtime Environment (17.0.7) (build 17.0.7+0-b2043.56-10550314)
# Java VM: OpenJDK 64-Bit Server VM (17.0.7+0-b2043.56-10550314, mixed mode, tiered, compressed oops, compressed class ptrs, g1 gc, windows-amd64)
GC Precious Log:
 CPUs: 12 total, 12 available
 Memory: 16105M
 Large Page Support: Disabled
 NUMA Support: Disabled
 Compressed Oops: Enabled (Zero based)
 Heap Region Size: 2M
 Heap Min Capacity: 8M
 Heap Initial Capacity: 252M
 Heap Max Capacity: 4028M
 Pre-touch: Disabled
 Parallel Workers: 10
 Concurrent Workers: 3
 Concurrent Refinement Workers: 10
 Periodic GC: Disabled
Heap:
 garbage-first heap   total 75776K, used 39745K [0x0000000704400000, 0x0000000800000000)
  region size 2048K, 7 young (14336K), 1 survivors (2048K)
 Metaspace       used 42073K, committed 42304K, reserved 1114112K
  class space    used 5056K, committed 5184K, reserved 1048576K
GC Heap History (20 events):
Event: 0.555 GC heap before
{Heap before GC invocations=0 (full 0):
 garbage-first heap   total 258048K, used 24576K [0x0000000704400000, 0x0000000800000000)
  region size 2048K, 11 young (22528K), 0 survivors (0K)
 Metaspace       used 13891K, committed 14080K, reserved 1114112K
  class space    used 1369K, committed 1472K, reserved 1048576K
}
Event: 0.558 GC heap after
{Heap after GC invocations=1 (full 0):
 garbage-first heap   total 258048K, used 6943K [0x0000000704400000, 0x0000000800000000)
  region size 2048K, 2 young (4096K), 2 survivors (4096K)
 Metaspace       used 13891K, committed 14080K, reserved 1114112K
  class space    used 1369K, committed 1472K, reserved 1048576K
}
Event: 0.838 GC heap before
{Heap before GC invocations=1 (full 0):
 garbage-first heap   total 258048K, used 27423K [0x0000000704400000, 0x0000000800000000)
  region size 2048K, 13 young (26624K), 2 survivors (4096K)
 Metaspace       used 21293K, committed 21504K, reserved 1114112K
  class space    used 2411K, committed 2496K, reserved 1048576K
}
Event: 0.841 GC heap after
{Heap after GC invocations=2 (full 0):
 garbage-first heap   total 258048K, used 7853K [0x0000000704400000, 0x0000000800000000)
  region size 2048K, 2 young (4096K), 2 survivors (4096K)
 Metaspace       used 21293K, committed 21504K, reserved 1114112K
  class space    used 2411K, committed 2496K, reserved 1048576K
}
Event: 1.002 GC heap before
{Heap before GC invocations=3 (full 0):
 garbage-first heap   total 34816K, used 26285K [0x0000000704400000, 0x0000000800000000)
  region size 2048K, 11 young (22528K), 2 survivors (4096K)
 Metaspace       used 22849K, committed 23104K, reserved 1114112K
  class space    used 2776K, committed 2880K, reserved 1048576K
}
Event: 1.007 GC heap after
{Heap after GC invocations=4 (full 0):
 garbage-first heap   total 36864K, used 14201K [0x0000000704400000, 0x0000000800000000)
  region size 2048K, 4 young (8192K), 4 survivors (8192K)
 Metaspace       used 22849K, committed 23104K, reserved 1114112K
  class space    used 2776K, committed 2880K, reserved 1048576K
}
Event: 1.126 GC heap before
{Heap before GC invocations=4 (full 0):
 garbage-first heap   total 36864K, used 24441K [0x0000000704400000, 0x0000000800000000)
  region size 2048K, 9 young (18432K), 4 survivors (8192K)
 Metaspace       used 25064K, committed 25216K, reserved 1114112K
  class space    used 3240K, committed 3328K, reserved 1048576K
}
Event: 1.132 GC heap after
{Heap after GC invocations=5 (full 0):
 garbage-first heap   total 36864K, used 15728K [0x0000000704400000, 0x0000000800000000)
  region size 2048K, 1 young (2048K), 1 survivors (2048K)
 Metaspace       used 25064K, committed 25216K, reserved 1114112K
  class space    used 3240K, committed 3328K, reserved 1048576K
}
Event: 1.260 GC heap before
{Heap before GC invocations=5 (full 0):
 garbage-first heap   total 36864K, used 25968K [0x0000000704400000, 0x0000000800000000)
  region size 2048K, 6 young (12288K), 1 survivors (2048K)
 Metaspace       used 27792K, committed 27968K, reserved 1114112K
  class space    used 3544K, committed 3648K, reserved 1048576K
}
Event: 1.264 GC heap after
{Heap after GC invocations=6 (full 0):
 garbage-first heap   total 36864K, used 16956K [0x0000000704400000, 0x0000000800000000)
  region size 2048K, 1 young (2048K), 1 survivors (2048K)
 Metaspace       used 27792K, committed 27968K, reserved 1114112K
  class space    used 3544K, committed 3648K, reserved 1048576K
}
Event: 1.381 GC heap before
{Heap before GC invocations=6 (full 0):
 garbage-first heap   total 36864K, used 25148K [0x0000000704400000, 0x0000000800000000)
  region size 2048K, 5 young (10240K), 1 survivors (2048K)
 Metaspace       used 29166K, committed 29376K, reserved 1114112K
  class space    used 3703K, committed 3776K, reserved 1048576K
}
Event: 1.387 GC heap after
{Heap after GC invocations=7 (full 0):
 garbage-first heap   total 36864K, used 16425K [0x0000000704400000, 0x0000000800000000)
  region size 2048K, 1 young (2048K), 1 survivors (2048K)
 Metaspace       used 29166K, committed 29376K, reserved 1114112K
  class space    used 3703K, committed 3776K, reserved 1048576K
}
Event: 1.517 GC heap before
{Heap before GC invocations=7 (full 0):
 garbage-first heap   total 36864K, used 24617K [0x0000000704400000, 0x0000000800000000)
  region size 2048K, 5 young (10240K), 1 survivors (2048K)
 Metaspace       used 30847K, committed 31104K, reserved 1114112K
  class space    used 3889K, committed 4032K, reserved 1048576K
}
Event: 1.520 GC heap after
{Heap after GC invocations=8 (full 0):
 garbage-first heap   total 147456K, used 17418K [0x0000000704400000, 0x0000000800000000)
  region size 2048K, 1 young (2048K), 1 survivors (2048K)
 Metaspace       used 30847K, committed 31104K, reserved 1114112K
  class space    used 3889K, committed 4032K, reserved 1048576K
}
Event: 1.806 GC heap before
{Heap before GC invocations=8 (full 0):
 garbage-first heap   total 147456K, used 39946K [0x0000000704400000, 0x0000000800000000)
  region size 2048K, 13 young (26624K), 1 survivors (2048K)
 Metaspace       used 35761K, committed 35968K, reserved 1114112K
  class space    used 4327K, committed 4416K, reserved 1048576K
}
Event: 1.809 GC heap after
{Heap after GC invocations=9 (full 0):
 garbage-first heap   total 147456K, used 19200K [0x0000000704400000, 0x0000000800000000)
  region size 2048K, 2 young (4096K), 2 survivors (4096K)
 Metaspace       used 35761K, committed 35968K, reserved 1114112K
  class space    used 4327K, committed 4416K, reserved 1048576K
}
Event: 2.286 GC heap before
{Heap before GC invocations=10 (full 0):
 garbage-first heap   total 75776K, used 60160K [0x0000000704400000, 0x0000000800000000)
  region size 2048K, 22 young (45056K), 2 survivors (4096K)
 Metaspace       used 41815K, committed 42048K, reserved 1114112K
  class space    used 5037K, committed 5120K, reserved 1048576K
}
Event: 2.297 GC heap after
{Heap after GC invocations=11 (full 0):
 garbage-first heap   total 75776K, used 28069K [0x0000000704400000, 0x0000000800000000)
  region size 2048K, 3 young (6144K), 3 survivors (6144K)
 Metaspace       used 41815K, committed 42048K, reserved 1114112K
  class space    used 5037K, committed 5120K, reserved 1048576K
}
Event: 2.308 GC heap before
{Heap before GC invocations=11 (full 0):
 garbage-first heap   total 75776K, used 30117K [0x0000000704400000, 0x0000000800000000)
  region size 2048K, 4 young (8192K), 3 survivors (6144K)
 Metaspace       used 41854K, committed 42048K, reserved 1114112K
  class space    used 5037K, committed 5120K, reserved 1048576K
}
Event: 2.317 GC heap after
{Heap after GC invocations=12 (full 0):
 garbage-first heap   total 75776K, used 29505K [0x0000000704400000, 0x0000000800000000)
  region size 2048K, 1 young (2048K), 1 survivors (2048K)
 Metaspace       used 41854K, committed 42048K, reserved 1114112K
  class space    used 5037K, committed 5120K, reserved 1048576K
}

