# JRE version: OpenJDK Runtime Environment (17.0.7) (build 17.0.7+0-b2043.56-10550314)
# Java VM: OpenJDK 64-Bit Server VM (17.0.7+0-b2043.56-10550314, mixed mode, tiered, compressed oops, compressed class ptrs, g1 gc, windows-amd64)
GC Precious Log:
 CPUs: 12 total, 12 available
 Memory: 16105M
 Large Page Support: Disabled
 NUMA Support: Disabled
 Compressed Oops: Enabled (32-bit)
 Heap Region Size: 1M
 Heap Min Capacity: 8M
 Heap Initial Capacity: 252M
 Heap Max Capacity: 2G
 Pre-touch: Disabled
 Parallel Workers: 10
 Concurrent Workers: 3
 Concurrent Refinement Workers: 10
 Periodic GC: Disabled
Heap:
 garbage-first heap   total 440320K, used 330564K [0x0000000080000000, 0x0000000100000000)
  region size 1024K, 144 young (147456K), 1 survivors (1024K)
 Metaspace       used 111468K, committed 112256K, reserved 1179648K
  class space    used 14860K, committed 15232K, reserved 1048576K
GC Heap History (20 events):
Event: 835.493 GC heap before
{Heap before GC invocations=58 (full 0):
 garbage-first heap   total 438272K, used 142995K [0x0000000080000000, 0x0000000100000000)
  region size 1024K, 21 young (21504K), 3 survivors (3072K)
 Metaspace       used 103690K, committed 104448K, reserved 1179648K
  class space    used 13780K, committed 14144K, reserved 1048576K
}
Event: 835.494 GC heap after
{Heap after GC invocations=59 (full 0):
 garbage-first heap   total 438272K, used 123470K [0x0000000080000000, 0x0000000100000000)
  region size 1024K, 1 young (1024K), 1 survivors (1024K)
 Metaspace       used 103690K, committed 104448K, reserved 1179648K
  class space    used 13780K, committed 14144K, reserved 1048576K
}
Event: 835.921 GC heap before
{Heap before GC invocations=59 (full 0):
 garbage-first heap   total 438272K, used 382542K [0x0000000080000000, 0x0000000100000000)
  region size 1024K, 254 young (260096K), 1 survivors (1024K)
 Metaspace       used 103727K, committed 104448K, reserved 1179648K
  class space    used 13781K, committed 14144K, reserved 1048576K
}
Event: 835.923 GC heap after
{Heap after GC invocations=60 (full 0):
 garbage-first heap   total 438272K, used 125206K [0x0000000080000000, 0x0000000100000000)
  region size 1024K, 3 young (3072K), 3 survivors (3072K)
 Metaspace       used 103727K, committed 104448K, reserved 1179648K
  class space    used 13781K, committed 14144K, reserved 1048576K
}
Event: 836.282 GC heap before
{Heap before GC invocations=61 (full 0):
 garbage-first heap   total 438272K, used 384278K [0x0000000080000000, 0x0000000100000000)
  region size 1024K, 256 young (262144K), 3 survivors (3072K)
 Metaspace       used 103746K, committed 104448K, reserved 1179648K
  class space    used 13781K, committed 14144K, reserved 1048576K
}
Event: 836.285 GC heap after
{Heap after GC invocations=62 (full 0):
 garbage-first heap   total 438272K, used 127185K [0x0000000080000000, 0x0000000100000000)
  region size 1024K, 5 young (5120K), 5 survivors (5120K)
 Metaspace       used 103746K, committed 104448K, reserved 1179648K
  class space    used 13781K, committed 14144K, reserved 1048576K
}
Event: 836.309 GC heap before
{Heap before GC invocations=62 (full 0):
 garbage-first heap   total 438272K, used 143569K [0x0000000080000000, 0x0000000100000000)
  region size 1024K, 21 young (21504K), 5 survivors (5120K)
 Metaspace       used 103746K, committed 104448K, reserved 1179648K
  class space    used 13781K, committed 14144K, reserved 1048576K
}
Event: 836.312 GC heap after
{Heap after GC invocations=63 (full 0):
 garbage-first heap   total 438272K, used 126695K [0x0000000080000000, 0x0000000100000000)
  region size 1024K, 1 young (1024K), 1 survivors (1024K)
 Metaspace       used 103746K, committed 104448K, reserved 1179648K
  class space    used 13781K, committed 14144K, reserved 1048576K
}
Event: 836.637 GC heap before
{Heap before GC invocations=63 (full 0):
 garbage-first heap   total 438272K, used 385767K [0x0000000080000000, 0x0000000100000000)
  region size 1024K, 254 young (260096K), 1 survivors (1024K)
 Metaspace       used 103748K, committed 104448K, reserved 1179648K
  class space    used 13781K, committed 14144K, reserved 1048576K
}
Event: 836.641 GC heap after
{Heap after GC invocations=64 (full 0):
 garbage-first heap   total 438272K, used 129053K [0x0000000080000000, 0x0000000100000000)
  region size 1024K, 4 young (4096K), 4 survivors (4096K)
 Metaspace       used 103748K, committed 104448K, reserved 1179648K
  class space    used 13781K, committed 14144K, reserved 1048576K
}
Event: 837.187 GC heap before
{Heap before GC invocations=65 (full 0):
 garbage-first heap   total 438272K, used 389149K [0x0000000080000000, 0x0000000100000000)
  region size 1024K, 255 young (261120K), 4 survivors (4096K)
 Metaspace       used 104845K, committed 105600K, reserved 1179648K
  class space    used 13927K, committed 14272K, reserved 1048576K
}
Event: 837.191 GC heap after
{Heap after GC invocations=66 (full 0):
 garbage-first heap   total 438272K, used 130862K [0x0000000080000000, 0x0000000100000000)
  region size 1024K, 5 young (5120K), 5 survivors (5120K)
 Metaspace       used 104845K, committed 105600K, reserved 1179648K
  class space    used 13927K, committed 14272K, reserved 1048576K
}
Event: 837.331 GC heap before
{Heap before GC invocations=66 (full 0):
 garbage-first heap   total 438272K, used 147246K [0x0000000080000000, 0x0000000100000000)
  region size 1024K, 21 young (21504K), 5 survivors (5120K)
 Metaspace       used 105360K, committed 106112K, reserved 1179648K
  class space    used 13987K, committed 14336K, reserved 1048576K
}
Event: 837.335 GC heap after
{Heap after GC invocations=67 (full 0):
 garbage-first heap   total 438272K, used 132161K [0x0000000080000000, 0x0000000100000000)
  region size 1024K, 3 young (3072K), 3 survivors (3072K)
 Metaspace       used 105360K, committed 106112K, reserved 1179648K
  class space    used 13987K, committed 14336K, reserved 1048576K
}
Event: 837.595 GC heap before
{Heap before GC invocations=67 (full 0):
 garbage-first heap   total 438272K, used 169025K [0x0000000080000000, 0x0000000100000000)
  region size 1024K, 41 young (41984K), 3 survivors (3072K)
 Metaspace       used 106718K, committed 107520K, reserved 1179648K
  class space    used 14140K, committed 14528K, reserved 1048576K
}
Event: 837.599 GC heap after
{Heap after GC invocations=68 (full 0):
 garbage-first heap   total 438272K, used 135220K [0x0000000080000000, 0x0000000100000000)
  region size 1024K, 6 young (6144K), 6 survivors (6144K)
 Metaspace       used 106718K, committed 107520K, reserved 1179648K
  class space    used 14140K, committed 14528K, reserved 1048576K
}
Event: 840.879 GC heap before
{Heap before GC invocations=69 (full 0):
 garbage-first heap   total 438272K, used 406580K [0x0000000080000000, 0x0000000100000000)
  region size 1024K, 242 young (247808K), 6 survivors (6144K)
 Metaspace       used 111242K, committed 112064K, reserved 1179648K
  class space    used 14823K, committed 15232K, reserved 1048576K
}
Event: 840.890 GC heap after
{Heap after GC invocations=70 (full 0):
 garbage-first heap   total 440320K, used 188416K [0x0000000080000000, 0x0000000100000000)
  region size 1024K, 31 young (31744K), 31 survivors (31744K)
 Metaspace       used 111242K, committed 112064K, reserved 1179648K
  class space    used 14823K, committed 15232K, reserved 1048576K
}
Event: 840.914 GC heap before
{Heap before GC invocations=70 (full 0):
 garbage-first heap   total 440320K, used 189440K [0x0000000080000000, 0x0000000100000000)
  region size 1024K, 32 young (32768K), 31 survivors (31744K)
 Metaspace       used 111242K, committed 112064K, reserved 1179648K
  class space    used 14823K, committed 15232K, reserved 1048576K
}
Event: 840.922 GC heap after
{Heap after GC invocations=71 (full 0):
 garbage-first heap   total 440320K, used 185156K [0x0000000080000000, 0x0000000100000000)
  region size 1024K, 1 young (1024K), 1 survivors (1024K)
 Metaspace       used 111242K, committed 112064K, reserved 1179648K
  class space    used 14823K, committed 15232K, reserved 1048576K
}

