# JRE version: OpenJDK Runtime Environment (17.0.7) (build 17.0.7+0-b2043.56-10550314)
# Java VM: OpenJDK 64-Bit Server VM (17.0.7+0-b2043.56-10550314, mixed mode, tiered, compressed oops, compressed class ptrs, g1 gc, windows-amd64)
GC Precious Log:
 CPUs: 12 total, 12 available
 Memory: 16105M
 Large Page Support: Disabled
 NUMA Support: Disabled
 Compressed Oops: Enabled (32-bit)
 Heap Region Size: 1M
 Heap Min Capacity: 8M
 Heap Initial Capacity: 252M
 Heap Max Capacity: 2G
 Pre-touch: Disabled
 Parallel Workers: 10
 Concurrent Workers: 3
 Concurrent Refinement Workers: 10
 Periodic GC: Disabled
Heap:
 garbage-first heap   total 493568K, used 251092K [0x0000000080000000, 0x0000000100000000)
  region size 1024K, 78 young (79872K), 12 survivors (12288K)
 Metaspace       used 99056K, committed 99840K, reserved 1179648K
  class space    used 13576K, committed 13952K, reserved 1048576K
GC Heap History (20 events):
Event: 6.418 GC heap before
{Heap before GC invocations=43 (full 0):
 garbage-first heap   total 253952K, used 194076K [0x0000000080000000, 0x0000000100000000)
  region size 1024K, 83 young (84992K), 2 survivors (2048K)
 Metaspace       used 83838K, committed 84544K, reserved 1179648K
  class space    used 11309K, committed 11648K, reserved 1048576K
}
Event: 6.422 GC heap after
{Heap after GC invocations=44 (full 0):
 garbage-first heap   total 253952K, used 115877K [0x0000000080000000, 0x0000000100000000)
  region size 1024K, 6 young (6144K), 6 survivors (6144K)
 Metaspace       used 83838K, committed 84544K, reserved 1179648K
  class space    used 11309K, committed 11648K, reserved 1048576K
}
Event: 6.491 GC heap before
{Heap before GC invocations=44 (full 0):
 garbage-first heap   total 253952K, used 124069K [0x0000000080000000, 0x0000000100000000)
  region size 1024K, 15 young (15360K), 6 survivors (6144K)
 Metaspace       used 84592K, committed 85312K, reserved 1179648K
  class space    used 11410K, committed 11776K, reserved 1048576K
}
Event: 6.494 GC heap after
{Heap after GC invocations=45 (full 0):
 garbage-first heap   total 253952K, used 117106K [0x0000000080000000, 0x0000000100000000)
  region size 1024K, 7 young (7168K), 7 survivors (7168K)
 Metaspace       used 84592K, committed 85312K, reserved 1179648K
  class space    used 11410K, committed 11776K, reserved 1048576K
}
Event: 7.108 GC heap before
{Heap before GC invocations=46 (full 0):
 garbage-first heap   total 253952K, used 206194K [0x0000000080000000, 0x0000000100000000)
  region size 1024K, 93 young (95232K), 7 survivors (7168K)
 Metaspace       used 91059K, committed 91776K, reserved 1179648K
  class space    used 12530K, committed 12864K, reserved 1048576K
}
Event: 7.113 GC heap after
{Heap after GC invocations=47 (full 0):
 garbage-first heap   total 253952K, used 120596K [0x0000000080000000, 0x0000000100000000)
  region size 1024K, 10 young (10240K), 10 survivors (10240K)
 Metaspace       used 91059K, committed 91776K, reserved 1179648K
  class space    used 12530K, committed 12864K, reserved 1048576K
}
Event: 7.140 GC heap before
{Heap before GC invocations=47 (full 0):
 garbage-first heap   total 253952K, used 122644K [0x0000000080000000, 0x0000000100000000)
  region size 1024K, 12 young (12288K), 10 survivors (10240K)
 Metaspace       used 91303K, committed 92096K, reserved 1179648K
  class space    used 12568K, committed 12928K, reserved 1048576K
}
Event: 7.145 GC heap after
{Heap after GC invocations=48 (full 0):
 garbage-first heap   total 253952K, used 120875K [0x0000000080000000, 0x0000000100000000)
  region size 1024K, 2 young (2048K), 2 survivors (2048K)
 Metaspace       used 91303K, committed 92096K, reserved 1179648K
  class space    used 12568K, committed 12928K, reserved 1048576K
}
Event: 7.748 GC heap before
{Heap before GC invocations=48 (full 0):
 garbage-first heap   total 253952K, used 233515K [0x0000000080000000, 0x0000000100000000)
  region size 1024K, 87 young (89088K), 2 survivors (2048K)
 Metaspace       used 98020K, committed 98816K, reserved 1179648K
  class space    used 13426K, committed 13824K, reserved 1048576K
}
Event: 7.752 GC heap after
{Heap after GC invocations=49 (full 0):
 garbage-first heap   total 253952K, used 153058K [0x0000000080000000, 0x0000000100000000)
  region size 1024K, 11 young (11264K), 11 survivors (11264K)
 Metaspace       used 98020K, committed 98816K, reserved 1179648K
  class space    used 13426K, committed 13824K, reserved 1048576K
}
Event: 7.897 GC heap before
{Heap before GC invocations=49 (full 0):
 garbage-first heap   total 253952K, used 169442K [0x0000000080000000, 0x0000000100000000)
  region size 1024K, 28 young (28672K), 11 survivors (11264K)
 Metaspace       used 98817K, committed 99648K, reserved 1179648K
  class space    used 13533K, committed 13952K, reserved 1048576K
}
Event: 7.903 GC heap after
{Heap after GC invocations=50 (full 0):
 garbage-first heap   total 253952K, used 154658K [0x0000000080000000, 0x0000000100000000)
  region size 1024K, 2 young (2048K), 2 survivors (2048K)
 Metaspace       used 98817K, committed 99648K, reserved 1179648K
  class space    used 13533K, committed 13952K, reserved 1048576K
}
Event: 8.127 GC heap before
{Heap before GC invocations=51 (full 0):
 garbage-first heap   total 281600K, used 215074K [0x0000000080000000, 0x0000000100000000)
  region size 1024K, 58 young (59392K), 2 survivors (2048K)
 Metaspace       used 98837K, committed 99712K, reserved 1179648K
  class space    used 13534K, committed 13952K, reserved 1048576K
}
Event: 8.136 GC heap after
{Heap after GC invocations=52 (full 0):
 garbage-first heap   total 281600K, used 174080K [0x0000000080000000, 0x0000000100000000)
  region size 1024K, 8 young (8192K), 8 survivors (8192K)
 Metaspace       used 98837K, committed 99712K, reserved 1179648K
  class space    used 13534K, committed 13952K, reserved 1048576K
}
Event: 8.165 GC heap before
{Heap before GC invocations=52 (full 0):
 garbage-first heap   total 281600K, used 178176K [0x0000000080000000, 0x0000000100000000)
  region size 1024K, 13 young (13312K), 8 survivors (8192K)
 Metaspace       used 98845K, committed 99712K, reserved 1179648K
  class space    used 13534K, committed 13952K, reserved 1048576K
}
Event: 8.170 GC heap after
{Heap after GC invocations=53 (full 0):
 garbage-first heap   total 493568K, used 175104K [0x0000000080000000, 0x0000000100000000)
  region size 1024K, 2 young (2048K), 2 survivors (2048K)
 Metaspace       used 98845K, committed 99712K, reserved 1179648K
  class space    used 13534K, committed 13952K, reserved 1048576K
}
Event: 8.790 GC heap before
{Heap before GC invocations=53 (full 0):
 garbage-first heap   total 493568K, used 355328K [0x0000000080000000, 0x0000000100000000)
  region size 1024K, 178 young (182272K), 2 survivors (2048K)
 Metaspace       used 98853K, committed 99712K, reserved 1179648K
  class space    used 13534K, committed 13952K, reserved 1048576K
}
Event: 8.794 GC heap after
{Heap after GC invocations=54 (full 0):
 garbage-first heap   total 493568K, used 179429K [0x0000000080000000, 0x0000000100000000)
  region size 1024K, 7 young (7168K), 7 survivors (7168K)
 Metaspace       used 98853K, committed 99712K, reserved 1179648K
  class space    used 13534K, committed 13952K, reserved 1048576K
}
Event: 9.499 GC heap before
{Heap before GC invocations=54 (full 0):
 garbage-first heap   total 493568K, used 387301K [0x0000000080000000, 0x0000000100000000)
  region size 1024K, 210 young (215040K), 7 survivors (7168K)
 Metaspace       used 98858K, committed 99712K, reserved 1179648K
  class space    used 13534K, committed 13952K, reserved 1048576K
}
Event: 9.504 GC heap after
{Heap after GC invocations=55 (full 0):
 garbage-first heap   total 493568K, used 184532K [0x0000000080000000, 0x0000000100000000)
  region size 1024K, 12 young (12288K), 12 survivors (12288K)
 Metaspace       used 98858K, committed 99712K, reserved 1179648K
  class space    used 13534K, committed 13952K, reserved 1048576K
}

